<?xml version="1.0" encoding="UTF-8"?>
<testsuite xmlns:xsi="http://www.w3.org/2001/XMLSchema-instance" xsi:noNamespaceSchemaLocation="https://maven.apache.org/surefire/maven-surefire-plugin/xsd/surefire-test-report.xsd" version="3.0.1" name="org.eclipse.osgi.technology.featurelauncher.extensions.hash.checker.BundleHashCheckerTests" time="0.149" tests="11" errors="0" skipped="0" failures="0">
  <properties>
    <property name="java.specification.version" value="21"/>
    <property name="sun.jnu.encoding" value="UTF-8"/>
    <property name="java.class.path" value="/var/home/stbischof/git/osgi-tech/feature-launcher/extensions/hash.checker/target/test-classes:/var/home/stbischof/git/osgi-tech/feature-launcher/extensions/hash.checker/target/classes:/var/home/stbischof/.m2/repository/org/osgi/org.osgi.service.featurelauncher/1.0.0-SNAPSHOT/org.osgi.service.featurelauncher-1.0.0-SNAPSHOT.jar:/var/home/stbischof/.m2/repository/org/osgi/osgi.annotation/8.0.0/osgi.annotation-8.0.0.jar:/var/home/stbischof/.m2/repository/org/osgi/org.osgi.service.feature/1.0.0/org.osgi.service.feature-1.0.0.jar:/var/home/stbischof/.m2/repository/org/osgi/org.osgi.namespace.implementation/1.0.0/org.osgi.namespace.implementation-1.0.0.jar:/var/home/stbischof/.m2/repository/jakarta/json/jakarta.json-api/2.0.2/jakarta.json-api-2.0.2.jar:/var/home/stbischof/.m2/repository/org/slf4j/slf4j-api/2.0.11/slf4j-api-2.0.11.jar:/var/home/stbischof/.m2/repository/org/glassfish/jakarta.json/2.0.1/jakarta.json-2.0.1.jar:/var/home/stbischof/.m2/repository/org/apache/felix/org.apache.felix.feature/1.0.2/org.apache.felix.feature-1.0.2.jar:/var/home/stbischof/.m2/repository/org/apache/felix/org.apache.felix.cm.json/2.0.6/org.apache.felix.cm.json-2.0.6.jar:/var/home/stbischof/.m2/repository/com/kentyou/prototype/featurelauncher/common/1.0.0-SNAPSHOT/common-1.0.0-SNAPSHOT.jar:/var/home/stbischof/.m2/repository/com/kentyou/prototype/featurelauncher/repository/spi/1.0.0-SNAPSHOT/spi-1.0.0-SNAPSHOT.jar:/var/home/stbischof/.m2/repository/org/junit/jupiter/junit-jupiter-api/5.11.1/junit-jupiter-api-5.11.1.jar:/var/home/stbischof/.m2/repository/org/opentest4j/opentest4j/1.3.0/opentest4j-1.3.0.jar:/var/home/stbischof/.m2/repository/org/apiguardian/apiguardian-api/1.1.2/apiguardian-api-1.1.2.jar:/var/home/stbischof/.m2/repository/org/junit/platform/junit-platform-commons/1.11.1/junit-platform-commons-1.11.1.jar:/var/home/stbischof/.m2/repository/org/junit/jupiter/junit-jupiter-params/5.11.1/junit-jupiter-params-5.11.1.jar:/var/home/stbischof/.m2/repository/org/osgi/org.osgi.test.junit5/1.3.0/org.osgi.test.junit5-1.3.0.jar:/var/home/stbischof/.m2/repository/org/osgi/org.osgi.test.junit5.cm/1.3.0/org.osgi.test.junit5.cm-1.3.0.jar:/var/home/stbischof/.m2/repository/org/osgi/org.osgi.service.cm/1.6.1/org.osgi.service.cm-1.6.1.jar:/var/home/stbischof/.m2/repository/org/osgi/org.osgi.test.common/1.3.0/org.osgi.test.common-1.3.0.jar:/var/home/stbischof/.m2/repository/org/osgi/org.osgi.test.assertj.framework/1.3.0/org.osgi.test.assertj.framework-1.3.0.jar:/var/home/stbischof/.m2/repository/org/junit/jupiter/junit-jupiter-engine/5.11.1/junit-jupiter-engine-5.11.1.jar:/var/home/stbischof/.m2/repository/org/junit/platform/junit-platform-engine/1.11.1/junit-platform-engine-1.11.1.jar:/var/home/stbischof/.m2/repository/org/junit/platform/junit-platform-launcher/1.11.1/junit-platform-launcher-1.11.1.jar:/var/home/stbischof/.m2/repository/org/mockito/mockito-junit-jupiter/5.14.1/mockito-junit-jupiter-5.14.1.jar:/var/home/stbischof/.m2/repository/org/mockito/mockito-core/5.14.1/mockito-core-5.14.1.jar:/var/home/stbischof/.m2/repository/net/bytebuddy/byte-buddy/1.15.3/byte-buddy-1.15.3.jar:/var/home/stbischof/.m2/repository/net/bytebuddy/byte-buddy-agent/1.15.3/byte-buddy-agent-1.15.3.jar:/var/home/stbischof/.m2/repository/org/objenesis/objenesis/3.3/objenesis-3.3.jar:/var/home/stbischof/.m2/repository/org/awaitility/awaitility/4.2.1/awaitility-4.2.1.jar:/var/home/stbischof/.m2/repository/org/hamcrest/hamcrest/2.1/hamcrest-2.1.jar:/var/home/stbischof/.m2/repository/org/assertj/assertj-core/3.26.0/assertj-core-3.26.0.jar:"/>
    <property name="java.vm.vendor" value="Eclipse Adoptium"/>
    <property name="sun.arch.data.model" value="64"/>
    <property name="java.vendor.url" value="https://adoptium.net/"/>
    <property name="os.name" value="Linux"/>
    <property name="java.vm.specification.version" value="21"/>
    <property name="sun.java.launcher" value="SUN_STANDARD"/>
    <property name="user.country" value="US"/>
    <property name="sun.boot.library.path" value="/var/home/stbischof/bin/jdk_21/lib"/>
    <property name="sun.java.command" value="/var/home/stbischof/git/osgi-tech/feature-launcher/extensions/hash.checker/target/surefire/surefirebooter-20250320220614101_23.jar /var/home/stbischof/git/osgi-tech/feature-launcher/extensions/hash.checker/target/surefire 2025-03-20T22-05-56_169-jvmRun1 surefire-20250320220614101_21tmp surefire_5-20250320220614101_22tmp"/>
    <property name="jdk.debug" value="release"/>
    <property name="surefire.test.class.path" value="/var/home/stbischof/git/osgi-tech/feature-launcher/extensions/hash.checker/target/test-classes:/var/home/stbischof/git/osgi-tech/feature-launcher/extensions/hash.checker/target/classes:/var/home/stbischof/.m2/repository/org/osgi/org.osgi.service.featurelauncher/1.0.0-SNAPSHOT/org.osgi.service.featurelauncher-1.0.0-SNAPSHOT.jar:/var/home/stbischof/.m2/repository/org/osgi/osgi.annotation/8.0.0/osgi.annotation-8.0.0.jar:/var/home/stbischof/.m2/repository/org/osgi/org.osgi.service.feature/1.0.0/org.osgi.service.feature-1.0.0.jar:/var/home/stbischof/.m2/repository/org/osgi/org.osgi.namespace.implementation/1.0.0/org.osgi.namespace.implementation-1.0.0.jar:/var/home/stbischof/.m2/repository/jakarta/json/jakarta.json-api/2.0.2/jakarta.json-api-2.0.2.jar:/var/home/stbischof/.m2/repository/org/slf4j/slf4j-api/2.0.11/slf4j-api-2.0.11.jar:/var/home/stbischof/.m2/repository/org/glassfish/jakarta.json/2.0.1/jakarta.json-2.0.1.jar:/var/home/stbischof/.m2/repository/org/apache/felix/org.apache.felix.feature/1.0.2/org.apache.felix.feature-1.0.2.jar:/var/home/stbischof/.m2/repository/org/apache/felix/org.apache.felix.cm.json/2.0.6/org.apache.felix.cm.json-2.0.6.jar:/var/home/stbischof/.m2/repository/com/kentyou/prototype/featurelauncher/common/1.0.0-SNAPSHOT/common-1.0.0-SNAPSHOT.jar:/var/home/stbischof/.m2/repository/com/kentyou/prototype/featurelauncher/repository/spi/1.0.0-SNAPSHOT/spi-1.0.0-SNAPSHOT.jar:/var/home/stbischof/.m2/repository/org/junit/jupiter/junit-jupiter-api/5.11.1/junit-jupiter-api-5.11.1.jar:/var/home/stbischof/.m2/repository/org/opentest4j/opentest4j/1.3.0/opentest4j-1.3.0.jar:/var/home/stbischof/.m2/repository/org/apiguardian/apiguardian-api/1.1.2/apiguardian-api-1.1.2.jar:/var/home/stbischof/.m2/repository/org/junit/platform/junit-platform-commons/1.11.1/junit-platform-commons-1.11.1.jar:/var/home/stbischof/.m2/repository/org/junit/jupiter/junit-jupiter-params/5.11.1/junit-jupiter-params-5.11.1.jar:/var/home/stbischof/.m2/repository/org/osgi/org.osgi.test.junit5/1.3.0/org.osgi.test.junit5-1.3.0.jar:/var/home/stbischof/.m2/repository/org/osgi/org.osgi.test.junit5.cm/1.3.0/org.osgi.test.junit5.cm-1.3.0.jar:/var/home/stbischof/.m2/repository/org/osgi/org.osgi.service.cm/1.6.1/org.osgi.service.cm-1.6.1.jar:/var/home/stbischof/.m2/repository/org/osgi/org.osgi.test.common/1.3.0/org.osgi.test.common-1.3.0.jar:/var/home/stbischof/.m2/repository/org/osgi/org.osgi.test.assertj.framework/1.3.0/org.osgi.test.assertj.framework-1.3.0.jar:/var/home/stbischof/.m2/repository/org/junit/jupiter/junit-jupiter-engine/5.11.1/junit-jupiter-engine-5.11.1.jar:/var/home/stbischof/.m2/repository/org/junit/platform/junit-platform-engine/1.11.1/junit-platform-engine-1.11.1.jar:/var/home/stbischof/.m2/repository/org/junit/platform/junit-platform-launcher/1.11.1/junit-platform-launcher-1.11.1.jar:/var/home/stbischof/.m2/repository/org/mockito/mockito-junit-jupiter/5.14.1/mockito-junit-jupiter-5.14.1.jar:/var/home/stbischof/.m2/repository/org/mockito/mockito-core/5.14.1/mockito-core-5.14.1.jar:/var/home/stbischof/.m2/repository/net/bytebuddy/byte-buddy/1.15.3/byte-buddy-1.15.3.jar:/var/home/stbischof/.m2/repository/net/bytebuddy/byte-buddy-agent/1.15.3/byte-buddy-agent-1.15.3.jar:/var/home/stbischof/.m2/repository/org/objenesis/objenesis/3.3/objenesis-3.3.jar:/var/home/stbischof/.m2/repository/org/awaitility/awaitility/4.2.1/awaitility-4.2.1.jar:/var/home/stbischof/.m2/repository/org/hamcrest/hamcrest/2.1/hamcrest-2.1.jar:/var/home/stbischof/.m2/repository/org/assertj/assertj-core/3.26.0/assertj-core-3.26.0.jar:"/>
    <property name="sun.cpu.endian" value="little"/>
    <property name="user.home" value="/var/home/stbischof"/>
    <property name="user.language" value="en"/>
    <property name="java.specification.vendor" value="Oracle Corporation"/>
    <property name="java.version.date" value="2024-07-16"/>
    <property name="java.home" value="/var/home/stbischof/bin/jdk_21"/>
    <property name="file.separator" value="/"/>
    <property name="basedir" value="/var/home/stbischof/git/osgi-tech/feature-launcher/extensions/hash.checker"/>
    <property name="style.color" value="never"/>
    <property name="java.vm.compressedOopsMode" value="Zero based"/>
    <property name="line.separator" value="&#10;"/>
    <property name="java.specification.name" value="Java Platform API Specification"/>
    <property name="java.vm.specification.vendor" value="Oracle Corporation"/>
    <property name="surefire.real.class.path" value="/var/home/stbischof/git/osgi-tech/feature-launcher/extensions/hash.checker/target/surefire/surefirebooter-20250320220614101_23.jar"/>
    <property name="sun.management.compiler" value="HotSpot 64-Bit Tiered Compilers"/>
    <property name="java.runtime.version" value="21.0.4+7-LTS"/>
    <property name="user.name" value="stbischof"/>
    <property name="stdout.encoding" value="UTF-8"/>
    <property name="path.separator" value=":"/>
    <property name="os.version" value="6.13.7-200.fc41.x86_64"/>
    <property name="java.runtime.name" value="OpenJDK Runtime Environment"/>
    <property name="file.encoding" value="UTF-8"/>
    <property name="java.vm.name" value="OpenJDK 64-Bit Server VM"/>
    <property name="java.vendor.version" value="Temurin-21.0.4+7"/>
    <property name="localRepository" value="/var/home/stbischof/.m2/repository"/>
    <property name="java.vendor.url.bug" value="https://github.com/adoptium/adoptium-support/issues"/>
    <property name="java.io.tmpdir" value="/tmp"/>
    <property name="java.version" value="21.0.4"/>
    <property name="user.dir" value="/var/home/stbischof/git/osgi-tech/feature-launcher/extensions/hash.checker"/>
    <property name="os.arch" value="amd64"/>
    <property name="java.vm.specification.name" value="Java Virtual Machine Specification"/>
    <property name="native.encoding" value="UTF-8"/>
    <property name="java.library.path" value="/usr/java/packages/lib:/usr/lib64:/lib64:/lib:/usr/lib"/>
    <property name="java.vm.info" value="mixed mode, sharing"/>
    <property name="stderr.encoding" value="UTF-8"/>
    <property name="java.vendor" value="Eclipse Adoptium"/>
    <property name="java.vm.version" value="21.0.4+7-LTS"/>
    <property name="sun.io.unicode.encoding" value="UnicodeLittle"/>
    <property name="java.class.version" value="65.0"/>
  </properties>
  <testcase name="testSuccessfulValidation(String)[1]" classname="org.eclipse.osgi.technology.featurelauncher.extensions.hash.checker.BundleHashCheckerTests" time="0.034">
    <system-err><![CDATA[SLF4J(W): No SLF4J providers were found.
SLF4J(W): Defaulting to no-operation (NOP) logger implementation
SLF4J(W): See https://www.slf4j.org/codes.html#noProviders for further details.
]]></system-err>
  </testcase>
  <testcase name="testSuccessfulValidation(String)[2]" classname="org.eclipse.osgi.technology.featurelauncher.extensions.hash.checker.BundleHashCheckerTests" time="0.018"/>
  <testcase name="testSuccessfulValidation(String)[3]" classname="org.eclipse.osgi.technology.featurelauncher.extensions.hash.checker.BundleHashCheckerTests" time="0.003"/>
  <testcase name="testSuccessfulValidation(String)[4]" classname="org.eclipse.osgi.technology.featurelauncher.extensions.hash.checker.BundleHashCheckerTests" time="0.018"/>
  <testcase name="testSuccessfulValidation(String)[5]" classname="org.eclipse.osgi.technology.featurelauncher.extensions.hash.checker.BundleHashCheckerTests" time="0.002"/>
  <testcase name="testSuccessfulValidation(String)[6]" classname="org.eclipse.osgi.technology.featurelauncher.extensions.hash.checker.BundleHashCheckerTests" time="0.002"/>
  <testcase name="testSuccessfulRejection(String)[1]" classname="org.eclipse.osgi.technology.featurelauncher.extensions.hash.checker.BundleHashCheckerTests" time="0.007"/>
  <testcase name="testSuccessfulRejection(String)[2]" classname="org.eclipse.osgi.technology.featurelauncher.extensions.hash.checker.BundleHashCheckerTests" time="0.004"/>
  <testcase name="testSuccessfulRejection(String)[3]" classname="org.eclipse.osgi.technology.featurelauncher.extensions.hash.checker.BundleHashCheckerTests" time="0.002"/>
  <testcase name="testSuccessfulRejection(String)[4]" classname="org.eclipse.osgi.technology.featurelauncher.extensions.hash.checker.BundleHashCheckerTests" time="0.002"/>
  <testcase name="testSuccessfulRejection(String)[5]" classname="org.eclipse.osgi.technology.featurelauncher.extensions.hash.checker.BundleHashCheckerTests" time="0.002"/>
</testsuite>